<?xml version="1.0" encoding="UTF-8"?>
<!-- Generated by org.testng.reporters.JUnitReportReporter -->
<testsuite hostname="DESKTOP-VR3MO27" failures="0" tests="1" name="hrm.Bcs" time="4.361" errors="0" timestamp="27 Jun 2024 17:00:58 GMT" skipped="0">
  <testcase classname="hrm.Bcs" name="login" time="4.361"/>
</testsuite> <!-- hrm.Bcs -->
